Flow report for bin_lin_3to8
Wed Sep 23 11:24:42 2020
Quartus II 64-Bit Version 13.0.1 Build 232 06/12/2013 Service Pack 1 SJ Full Version


---------------------
; Table of Contents ;
---------------------
  1. Legal Notice
  2. Flow Summary
  3. Flow Settings
  4. Flow Non-Default Global Settings
  5. Flow Elapsed Time
  6. Flow OS Summary
  7. Flow Log
  8. Flow Messages
  9. Flow Suppressed Messages



----------------
; Legal Notice ;
----------------
Copyright (C) 1991-2013 Altera Corporation
Your use of Altera Corporation's design tools, logic functions 
and other software and tools, and its AMPP partner logic 
functions, and any output files from any of the foregoing 
(including device programming or simulation files), and any 
associated documentation or information are expressly subject 
to the terms and conditions of the Altera Program License 
Subscription Agreement, Altera MegaCore Function License 
Agreement, or other applicable license agreement, including, 
without limitation, that your use is for the sole purpose of 
programming logic devices manufactured by Altera and sold by 
Altera or its authorized distributors.  Please refer to the 
applicable agreement for further details.



+------------------------------------------------------------------------------+
; Flow Summary                                                                 ;
+---------------------------+--------------------------------------------------+
; Flow Status               ; Successful - Wed Sep 23 11:24:40 2020            ;
; Quartus II 64-Bit Version ; 13.0.1 Build 232 06/12/2013 SP 1 SJ Full Version ;
; Revision Name             ; bin_lin_3to8                                     ;
; Top-level Entity Name     ; bin_lin_3to8                                     ;
; Family                    ; MAX V                                            ;
; Device                    ; 5M570ZF256C5                                     ;
; Timing Models             ; Final                                            ;
; Total logic elements      ; 6 / 570 ( 1 % )                                  ;
; Total pins                ; 11 / 159 ( 7 % )                                 ;
; Total virtual pins        ; 0                                                ;
; UFM blocks                ; 0 / 1 ( 0 % )                                    ;
+---------------------------+--------------------------------------------------+


+-----------------------------------------+
; Flow Settings                           ;
+-------------------+---------------------+
; Option            ; Setting             ;
+-------------------+---------------------+
; Start date & time ; 09/23/2020 11:24:38 ;
; Main task         ; Compilation         ;
; Revision Name     ; bin_lin_3to8        ;
+-------------------+---------------------+


+---------------------------------------------------------------------------------------------+
; Flow Non-Default Global Settings                                                            ;
+--------------------------+-------------------+---------------+-------------+----------------+
; Assignment Name          ; Value             ; Default Value ; Entity Name ; Section Id     ;
+--------------------------+-------------------+---------------+-------------+----------------+
; COMPILER_SIGNATURE_ID    ; 0.160085307805452 ; --            ; --          ; --             ;
; EDA_OUTPUT_DATA_FORMAT   ; Vhdl              ; --            ; --          ; eda_simulation ;
; EDA_SIMULATION_TOOL      ; QuestaSim (VHDL)  ; <None>        ; --          ; --             ;
; EDA_TIME_SCALE           ; 1 ps              ; --            ; --          ; eda_simulation ;
; MAX_CORE_JUNCTION_TEMP   ; 85                ; --            ; --          ; --             ;
; MIN_CORE_JUNCTION_TEMP   ; 0                 ; --            ; --          ; --             ;
; PROJECT_OUTPUT_DIRECTORY ; output_files      ; --            ; --          ; --             ;
; SYNTHESIS_EFFORT         ; Fast              ; Auto          ; --          ; --             ;
+--------------------------+-------------------+---------------+-------------+----------------+


+-------------------------------------------------------------------------------------------------------------------------------+
; Flow Elapsed Time                                                                                                             ;
+---------------------------+--------------+-------------------------+---------------------+------------------------------------+
; Module Name               ; Elapsed Time ; Average Processors Used ; Peak Virtual Memory ; Total CPU Time (on all processors) ;
+---------------------------+--------------+-------------------------+---------------------+------------------------------------+
; Analysis & Synthesis      ; 00:00:01     ; 1.0                     ; 572 MB              ; 00:00:01                           ;
; Fitter                    ; 00:00:01     ; 1.0                     ; 674 MB              ; 00:00:01                           ;
; TimeQuest Timing Analyzer ; 00:00:01     ; 1.0                     ; 486 MB              ; 00:00:01                           ;
; Total                     ; 00:00:03     ; --                      ; --                  ; 00:00:03                           ;
+---------------------------+--------------+-------------------------+---------------------+------------------------------------+


+---------------------------------------------------------------------------------------------+
; Flow OS Summary                                                                             ;
+---------------------------+------------------+----------------+------------+----------------+
; Module Name               ; Machine Hostname ; OS Name        ; OS Version ; Processor type ;
+---------------------------+------------------+----------------+------------+----------------+
; Analysis & Synthesis      ; a09pc13          ; Ubuntu 20.04.1 ; 20         ; x86_64         ;
; Fitter                    ; a09pc13          ; Ubuntu 20.04.1 ; 20         ; x86_64         ;
; TimeQuest Timing Analyzer ; a09pc13          ; Ubuntu 20.04.1 ; 20         ; x86_64         ;
+---------------------------+------------------+----------------+------------+----------------+


------------
; Flow Log ;
------------
quartus_map --read_settings_files=on --write_settings_files=off bin_lin_3to8 -c bin_lin_3to8 --effort=fast
quartus_fit --read_settings_files=off --write_settings_files=off bin_lin_3to8 -c bin_lin_3to8 --early_timing_estimate
quartus_sta bin_lin_3to8 -c bin_lin_3to8



