TimeQuest Timing Analyzer report for mav_top_3to8
Wed Sep 23 11:32:17 2020
Quartus II 64-Bit Version 13.0.1 Build 232 06/12/2013 Service Pack 1 SJ Full Version


---------------------
; Table of Contents ;
---------------------
  1. Legal Notice
  2. TimeQuest Timing Analyzer Summary
  3. Parallel Compilation
  4. Clocks
  5. Fmax Summary
  6. Setup Summary
  7. Hold Summary
  8. Recovery Summary
  9. Removal Summary
 10. Minimum Pulse Width Summary
 11. Setup: 'Clk_Main_i'
 12. Hold: 'Clk_Main_i'
 13. Minimum Pulse Width: 'Clk_Main_i'
 14. Clock to Output Times
 15. Minimum Clock to Output Times
 16. Propagation Delay
 17. Minimum Propagation Delay
 18. Setup Transfers
 19. Hold Transfers
 20. Report TCCS
 21. Report RSKM
 22. Unconstrained Paths
 23. TimeQuest Timing Analyzer Messages



----------------
; Legal Notice ;
----------------
Copyright (C) 1991-2013 Altera Corporation
Your use of Altera Corporation's design tools, logic functions 
and other software and tools, and its AMPP partner logic 
functions, and any output files from any of the foregoing 
(including device programming or simulation files), and any 
associated documentation or information are expressly subject 
to the terms and conditions of the Altera Program License 
Subscription Agreement, Altera MegaCore Function License 
Agreement, or other applicable license agreement, including, 
without limitation, that your use is for the sole purpose of 
programming logic devices manufactured by Altera and sold by 
Altera or its authorized distributors.  Please refer to the 
applicable agreement for further details.



+-----------------------------------------------------------------------------------------+
; TimeQuest Timing Analyzer Summary                                                       ;
+--------------------+--------------------------------------------------------------------+
; Quartus II Version ; Version 13.0.1 Build 232 06/12/2013 Service Pack 1 SJ Full Version ;
; Revision Name      ; mav_top_3to8                                                       ;
; Device Family      ; MAX V                                                              ;
; Device Name        ; 5M570ZF256C5                                                       ;
; Timing Models      ; Final                                                              ;
; Delay Model        ; Slow Model                                                         ;
; Rise/Fall Delays   ; Unavailable                                                        ;
+--------------------+--------------------------------------------------------------------+


+------------------------------------------+
; Parallel Compilation                     ;
+----------------------------+-------------+
; Processors                 ; Number      ;
+----------------------------+-------------+
; Number detected on machine ; 8           ;
; Maximum allowed            ; 4           ;
;                            ;             ;
; Average used               ; 1.00        ;
; Maximum used               ; 2           ;
;                            ;             ;
; Usage by Processor         ; % Time Used ;
;     Processor 1            ; 100.0%      ;
;     Processor 2            ; < 0.1%      ;
;     Processors 3-8         ;   0.0%      ;
+----------------------------+-------------+


+----------------------------------------------------------------------------------------------------------------------------------------------------------------------------------------+
; Clocks                                                                                                                                                                                 ;
+------------+------+--------+------------+-------+-------+------------+-----------+-------------+-------+--------+-----------+------------+----------+--------+--------+----------------+
; Clock Name ; Type ; Period ; Frequency  ; Rise  ; Fall  ; Duty Cycle ; Divide by ; Multiply by ; Phase ; Offset ; Edge List ; Edge Shift ; Inverted ; Master ; Source ; Targets        ;
+------------+------+--------+------------+-------+-------+------------+-----------+-------------+-------+--------+-----------+------------+----------+--------+--------+----------------+
; Clk_Main_i ; Base ; 1.000  ; 1000.0 MHz ; 0.000 ; 0.500 ;            ;           ;             ;       ;        ;           ;            ;          ;        ;        ; { Clk_Main_i } ;
+------------+------+--------+------------+-------+-------+------------+-----------+-------------+-------+--------+-----------+------------+----------+--------+--------+----------------+


+-------------------------------------------------+
; Fmax Summary                                    ;
+-----------+-----------------+------------+------+
; Fmax      ; Restricted Fmax ; Clock Name ; Note ;
+-----------+-----------------+------------+------+
; 85.34 MHz ; 85.34 MHz       ; Clk_Main_i ;      ;
+-----------+-----------------+------------+------+
This panel reports FMAX for every clock in the design, regardless of the user-specified clock periods.  FMAX is only computed for paths where the source and destination registers or ports are driven by the same clock.  Paths of different clocks, including generated clocks, are ignored.  For paths between a clock and its inversion, FMAX is computed as if the rising and falling edges are scaled along with FMAX, such that the duty cycle (in terms of a percentage) is maintained. Altera recommends that you always use clock constraints and other slack reports for sign-off analysis.


+--------------------------------------+
; Setup Summary                        ;
+------------+---------+---------------+
; Clock      ; Slack   ; End Point TNS ;
+------------+---------+---------------+
; Clk_Main_i ; -10.718 ; -194.781      ;
+------------+---------+---------------+


+------------------------------------+
; Hold Summary                       ;
+------------+-------+---------------+
; Clock      ; Slack ; End Point TNS ;
+------------+-------+---------------+
; Clk_Main_i ; 3.375 ; 0.000         ;
+------------+-------+---------------+


--------------------
; Recovery Summary ;
--------------------
No paths to report.


-------------------
; Removal Summary ;
-------------------
No paths to report.


+-------------------------------------+
; Minimum Pulse Width Summary         ;
+------------+--------+---------------+
; Clock      ; Slack  ; End Point TNS ;
+------------+--------+---------------+
; Clk_Main_i ; -2.289 ; -2.289        ;
+------------+--------+---------------+


+-------------------------------------------------------------------------------------------------------+
; Setup: 'Clk_Main_i'                                                                                   ;
+---------+-----------+-----------+--------------+-------------+--------------+------------+------------+
; Slack   ; From Node ; To Node   ; Launch Clock ; Latch Clock ; Relationship ; Clock Skew ; Data Delay ;
+---------+-----------+-----------+--------------+-------------+--------------+------------+------------+
; -10.718 ; Cpt_s[0]  ; Cpt_s[19] ; Clk_Main_i   ; Clk_Main_i  ; 1.000        ; 0.000      ; 11.397     ;
; -10.718 ; Cpt_s[0]  ; Cpt_s[18] ; Clk_Main_i   ; Clk_Main_i  ; 1.000        ; 0.000      ; 11.397     ;
; -10.718 ; Cpt_s[0]  ; Cpt_s[17] ; Clk_Main_i   ; Clk_Main_i  ; 1.000        ; 0.000      ; 11.397     ;
; -10.718 ; Cpt_s[0]  ; Cpt_s[16] ; Clk_Main_i   ; Clk_Main_i  ; 1.000        ; 0.000      ; 11.397     ;
; -10.718 ; Cpt_s[0]  ; Cpt_s[15] ; Clk_Main_i   ; Clk_Main_i  ; 1.000        ; 0.000      ; 11.397     ;
; -10.618 ; Cpt_s[0]  ; Cpt_s[14] ; Clk_Main_i   ; Clk_Main_i  ; 1.000        ; 0.000      ; 11.297     ;
; -10.618 ; Cpt_s[0]  ; Cpt_s[13] ; Clk_Main_i   ; Clk_Main_i  ; 1.000        ; 0.000      ; 11.297     ;
; -10.618 ; Cpt_s[0]  ; Cpt_s[12] ; Clk_Main_i   ; Clk_Main_i  ; 1.000        ; 0.000      ; 11.297     ;
; -10.618 ; Cpt_s[0]  ; Cpt_s[11] ; Clk_Main_i   ; Clk_Main_i  ; 1.000        ; 0.000      ; 11.297     ;
; -10.618 ; Cpt_s[0]  ; Cpt_s[10] ; Clk_Main_i   ; Clk_Main_i  ; 1.000        ; 0.000      ; 11.297     ;
; -9.923  ; Cpt_s[0]  ; Cpt_s[9]  ; Clk_Main_i   ; Clk_Main_i  ; 1.000        ; 0.000      ; 10.602     ;
; -9.923  ; Cpt_s[0]  ; Cpt_s[8]  ; Clk_Main_i   ; Clk_Main_i  ; 1.000        ; 0.000      ; 10.602     ;
; -9.923  ; Cpt_s[0]  ; Cpt_s[7]  ; Clk_Main_i   ; Clk_Main_i  ; 1.000        ; 0.000      ; 10.602     ;
; -9.923  ; Cpt_s[0]  ; Cpt_s[6]  ; Clk_Main_i   ; Clk_Main_i  ; 1.000        ; 0.000      ; 10.602     ;
; -9.923  ; Cpt_s[0]  ; Cpt_s[5]  ; Clk_Main_i   ; Clk_Main_i  ; 1.000        ; 0.000      ; 10.602     ;
; -9.304  ; Cpt_s[0]  ; Cpt_s[4]  ; Clk_Main_i   ; Clk_Main_i  ; 1.000        ; 0.000      ; 9.983      ;
; -9.144  ; Cpt_s[0]  ; Cpt_s[3]  ; Clk_Main_i   ; Clk_Main_i  ; 1.000        ; 0.000      ; 9.823      ;
; -8.984  ; Cpt_s[0]  ; Cpt_s[2]  ; Clk_Main_i   ; Clk_Main_i  ; 1.000        ; 0.000      ; 9.663      ;
; -7.943  ; Cpt_s[4]  ; Cpt_s[19] ; Clk_Main_i   ; Clk_Main_i  ; 1.000        ; 0.000      ; 8.622      ;
; -7.943  ; Cpt_s[4]  ; Cpt_s[18] ; Clk_Main_i   ; Clk_Main_i  ; 1.000        ; 0.000      ; 8.622      ;
; -7.943  ; Cpt_s[4]  ; Cpt_s[17] ; Clk_Main_i   ; Clk_Main_i  ; 1.000        ; 0.000      ; 8.622      ;
; -7.943  ; Cpt_s[4]  ; Cpt_s[16] ; Clk_Main_i   ; Clk_Main_i  ; 1.000        ; 0.000      ; 8.622      ;
; -7.943  ; Cpt_s[4]  ; Cpt_s[15] ; Clk_Main_i   ; Clk_Main_i  ; 1.000        ; 0.000      ; 8.622      ;
; -7.942  ; Cpt_s[0]  ; Cpt_s[1]  ; Clk_Main_i   ; Clk_Main_i  ; 1.000        ; 0.000      ; 8.621      ;
; -7.889  ; Cpt_s[6]  ; Cpt_s[19] ; Clk_Main_i   ; Clk_Main_i  ; 1.000        ; 0.000      ; 8.568      ;
; -7.889  ; Cpt_s[6]  ; Cpt_s[18] ; Clk_Main_i   ; Clk_Main_i  ; 1.000        ; 0.000      ; 8.568      ;
; -7.889  ; Cpt_s[6]  ; Cpt_s[17] ; Clk_Main_i   ; Clk_Main_i  ; 1.000        ; 0.000      ; 8.568      ;
; -7.889  ; Cpt_s[6]  ; Cpt_s[16] ; Clk_Main_i   ; Clk_Main_i  ; 1.000        ; 0.000      ; 8.568      ;
; -7.889  ; Cpt_s[6]  ; Cpt_s[15] ; Clk_Main_i   ; Clk_Main_i  ; 1.000        ; 0.000      ; 8.568      ;
; -7.843  ; Cpt_s[4]  ; Cpt_s[14] ; Clk_Main_i   ; Clk_Main_i  ; 1.000        ; 0.000      ; 8.522      ;
; -7.843  ; Cpt_s[4]  ; Cpt_s[13] ; Clk_Main_i   ; Clk_Main_i  ; 1.000        ; 0.000      ; 8.522      ;
; -7.843  ; Cpt_s[4]  ; Cpt_s[12] ; Clk_Main_i   ; Clk_Main_i  ; 1.000        ; 0.000      ; 8.522      ;
; -7.843  ; Cpt_s[4]  ; Cpt_s[11] ; Clk_Main_i   ; Clk_Main_i  ; 1.000        ; 0.000      ; 8.522      ;
; -7.843  ; Cpt_s[4]  ; Cpt_s[10] ; Clk_Main_i   ; Clk_Main_i  ; 1.000        ; 0.000      ; 8.522      ;
; -7.789  ; Cpt_s[6]  ; Cpt_s[14] ; Clk_Main_i   ; Clk_Main_i  ; 1.000        ; 0.000      ; 8.468      ;
; -7.789  ; Cpt_s[6]  ; Cpt_s[13] ; Clk_Main_i   ; Clk_Main_i  ; 1.000        ; 0.000      ; 8.468      ;
; -7.789  ; Cpt_s[6]  ; Cpt_s[12] ; Clk_Main_i   ; Clk_Main_i  ; 1.000        ; 0.000      ; 8.468      ;
; -7.789  ; Cpt_s[6]  ; Cpt_s[11] ; Clk_Main_i   ; Clk_Main_i  ; 1.000        ; 0.000      ; 8.468      ;
; -7.789  ; Cpt_s[6]  ; Cpt_s[10] ; Clk_Main_i   ; Clk_Main_i  ; 1.000        ; 0.000      ; 8.468      ;
; -7.570  ; Cpt_s[8]  ; Cpt_s[19] ; Clk_Main_i   ; Clk_Main_i  ; 1.000        ; 0.000      ; 8.249      ;
; -7.570  ; Cpt_s[8]  ; Cpt_s[18] ; Clk_Main_i   ; Clk_Main_i  ; 1.000        ; 0.000      ; 8.249      ;
; -7.570  ; Cpt_s[8]  ; Cpt_s[17] ; Clk_Main_i   ; Clk_Main_i  ; 1.000        ; 0.000      ; 8.249      ;
; -7.570  ; Cpt_s[8]  ; Cpt_s[16] ; Clk_Main_i   ; Clk_Main_i  ; 1.000        ; 0.000      ; 8.249      ;
; -7.570  ; Cpt_s[8]  ; Cpt_s[15] ; Clk_Main_i   ; Clk_Main_i  ; 1.000        ; 0.000      ; 8.249      ;
; -7.470  ; Cpt_s[8]  ; Cpt_s[14] ; Clk_Main_i   ; Clk_Main_i  ; 1.000        ; 0.000      ; 8.149      ;
; -7.470  ; Cpt_s[8]  ; Cpt_s[13] ; Clk_Main_i   ; Clk_Main_i  ; 1.000        ; 0.000      ; 8.149      ;
; -7.470  ; Cpt_s[8]  ; Cpt_s[12] ; Clk_Main_i   ; Clk_Main_i  ; 1.000        ; 0.000      ; 8.149      ;
; -7.470  ; Cpt_s[8]  ; Cpt_s[11] ; Clk_Main_i   ; Clk_Main_i  ; 1.000        ; 0.000      ; 8.149      ;
; -7.470  ; Cpt_s[8]  ; Cpt_s[10] ; Clk_Main_i   ; Clk_Main_i  ; 1.000        ; 0.000      ; 8.149      ;
; -7.426  ; Cpt_s[5]  ; Cpt_s[19] ; Clk_Main_i   ; Clk_Main_i  ; 1.000        ; 0.000      ; 8.105      ;
; -7.426  ; Cpt_s[5]  ; Cpt_s[18] ; Clk_Main_i   ; Clk_Main_i  ; 1.000        ; 0.000      ; 8.105      ;
; -7.426  ; Cpt_s[5]  ; Cpt_s[17] ; Clk_Main_i   ; Clk_Main_i  ; 1.000        ; 0.000      ; 8.105      ;
; -7.426  ; Cpt_s[5]  ; Cpt_s[16] ; Clk_Main_i   ; Clk_Main_i  ; 1.000        ; 0.000      ; 8.105      ;
; -7.426  ; Cpt_s[5]  ; Cpt_s[15] ; Clk_Main_i   ; Clk_Main_i  ; 1.000        ; 0.000      ; 8.105      ;
; -7.326  ; Cpt_s[5]  ; Cpt_s[14] ; Clk_Main_i   ; Clk_Main_i  ; 1.000        ; 0.000      ; 8.005      ;
; -7.326  ; Cpt_s[5]  ; Cpt_s[13] ; Clk_Main_i   ; Clk_Main_i  ; 1.000        ; 0.000      ; 8.005      ;
; -7.326  ; Cpt_s[5]  ; Cpt_s[12] ; Clk_Main_i   ; Clk_Main_i  ; 1.000        ; 0.000      ; 8.005      ;
; -7.326  ; Cpt_s[5]  ; Cpt_s[11] ; Clk_Main_i   ; Clk_Main_i  ; 1.000        ; 0.000      ; 8.005      ;
; -7.326  ; Cpt_s[5]  ; Cpt_s[10] ; Clk_Main_i   ; Clk_Main_i  ; 1.000        ; 0.000      ; 8.005      ;
; -7.232  ; Cpt_s[3]  ; Cpt_s[19] ; Clk_Main_i   ; Clk_Main_i  ; 1.000        ; 0.000      ; 7.911      ;
; -7.232  ; Cpt_s[3]  ; Cpt_s[18] ; Clk_Main_i   ; Clk_Main_i  ; 1.000        ; 0.000      ; 7.911      ;
; -7.232  ; Cpt_s[3]  ; Cpt_s[17] ; Clk_Main_i   ; Clk_Main_i  ; 1.000        ; 0.000      ; 7.911      ;
; -7.232  ; Cpt_s[3]  ; Cpt_s[16] ; Clk_Main_i   ; Clk_Main_i  ; 1.000        ; 0.000      ; 7.911      ;
; -7.232  ; Cpt_s[3]  ; Cpt_s[15] ; Clk_Main_i   ; Clk_Main_i  ; 1.000        ; 0.000      ; 7.911      ;
; -7.148  ; Cpt_s[4]  ; Cpt_s[9]  ; Clk_Main_i   ; Clk_Main_i  ; 1.000        ; 0.000      ; 7.827      ;
; -7.148  ; Cpt_s[4]  ; Cpt_s[8]  ; Clk_Main_i   ; Clk_Main_i  ; 1.000        ; 0.000      ; 7.827      ;
; -7.148  ; Cpt_s[4]  ; Cpt_s[7]  ; Clk_Main_i   ; Clk_Main_i  ; 1.000        ; 0.000      ; 7.827      ;
; -7.148  ; Cpt_s[4]  ; Cpt_s[6]  ; Clk_Main_i   ; Clk_Main_i  ; 1.000        ; 0.000      ; 7.827      ;
; -7.148  ; Cpt_s[4]  ; Cpt_s[5]  ; Clk_Main_i   ; Clk_Main_i  ; 1.000        ; 0.000      ; 7.827      ;
; -7.132  ; Cpt_s[3]  ; Cpt_s[14] ; Clk_Main_i   ; Clk_Main_i  ; 1.000        ; 0.000      ; 7.811      ;
; -7.132  ; Cpt_s[3]  ; Cpt_s[13] ; Clk_Main_i   ; Clk_Main_i  ; 1.000        ; 0.000      ; 7.811      ;
; -7.132  ; Cpt_s[3]  ; Cpt_s[12] ; Clk_Main_i   ; Clk_Main_i  ; 1.000        ; 0.000      ; 7.811      ;
; -7.132  ; Cpt_s[3]  ; Cpt_s[11] ; Clk_Main_i   ; Clk_Main_i  ; 1.000        ; 0.000      ; 7.811      ;
; -7.132  ; Cpt_s[3]  ; Cpt_s[10] ; Clk_Main_i   ; Clk_Main_i  ; 1.000        ; 0.000      ; 7.811      ;
; -7.109  ; Cpt_s[1]  ; Cpt_s[19] ; Clk_Main_i   ; Clk_Main_i  ; 1.000        ; 0.000      ; 7.788      ;
; -7.109  ; Cpt_s[1]  ; Cpt_s[18] ; Clk_Main_i   ; Clk_Main_i  ; 1.000        ; 0.000      ; 7.788      ;
; -7.109  ; Cpt_s[1]  ; Cpt_s[17] ; Clk_Main_i   ; Clk_Main_i  ; 1.000        ; 0.000      ; 7.788      ;
; -7.109  ; Cpt_s[1]  ; Cpt_s[16] ; Clk_Main_i   ; Clk_Main_i  ; 1.000        ; 0.000      ; 7.788      ;
; -7.109  ; Cpt_s[1]  ; Cpt_s[15] ; Clk_Main_i   ; Clk_Main_i  ; 1.000        ; 0.000      ; 7.788      ;
; -7.009  ; Cpt_s[1]  ; Cpt_s[14] ; Clk_Main_i   ; Clk_Main_i  ; 1.000        ; 0.000      ; 7.688      ;
; -7.009  ; Cpt_s[1]  ; Cpt_s[13] ; Clk_Main_i   ; Clk_Main_i  ; 1.000        ; 0.000      ; 7.688      ;
; -7.009  ; Cpt_s[1]  ; Cpt_s[12] ; Clk_Main_i   ; Clk_Main_i  ; 1.000        ; 0.000      ; 7.688      ;
; -7.009  ; Cpt_s[1]  ; Cpt_s[11] ; Clk_Main_i   ; Clk_Main_i  ; 1.000        ; 0.000      ; 7.688      ;
; -7.009  ; Cpt_s[1]  ; Cpt_s[10] ; Clk_Main_i   ; Clk_Main_i  ; 1.000        ; 0.000      ; 7.688      ;
; -6.950  ; Cpt_s[2]  ; Cpt_s[19] ; Clk_Main_i   ; Clk_Main_i  ; 1.000        ; 0.000      ; 7.629      ;
; -6.950  ; Cpt_s[2]  ; Cpt_s[18] ; Clk_Main_i   ; Clk_Main_i  ; 1.000        ; 0.000      ; 7.629      ;
; -6.950  ; Cpt_s[2]  ; Cpt_s[17] ; Clk_Main_i   ; Clk_Main_i  ; 1.000        ; 0.000      ; 7.629      ;
; -6.950  ; Cpt_s[2]  ; Cpt_s[16] ; Clk_Main_i   ; Clk_Main_i  ; 1.000        ; 0.000      ; 7.629      ;
; -6.950  ; Cpt_s[2]  ; Cpt_s[15] ; Clk_Main_i   ; Clk_Main_i  ; 1.000        ; 0.000      ; 7.629      ;
; -6.850  ; Cpt_s[2]  ; Cpt_s[14] ; Clk_Main_i   ; Clk_Main_i  ; 1.000        ; 0.000      ; 7.529      ;
; -6.850  ; Cpt_s[2]  ; Cpt_s[13] ; Clk_Main_i   ; Clk_Main_i  ; 1.000        ; 0.000      ; 7.529      ;
; -6.850  ; Cpt_s[2]  ; Cpt_s[12] ; Clk_Main_i   ; Clk_Main_i  ; 1.000        ; 0.000      ; 7.529      ;
; -6.850  ; Cpt_s[2]  ; Cpt_s[11] ; Clk_Main_i   ; Clk_Main_i  ; 1.000        ; 0.000      ; 7.529      ;
; -6.850  ; Cpt_s[2]  ; Cpt_s[10] ; Clk_Main_i   ; Clk_Main_i  ; 1.000        ; 0.000      ; 7.529      ;
; -6.849  ; Cpt_s[9]  ; Cpt_s[19] ; Clk_Main_i   ; Clk_Main_i  ; 1.000        ; 0.000      ; 7.528      ;
; -6.849  ; Cpt_s[9]  ; Cpt_s[18] ; Clk_Main_i   ; Clk_Main_i  ; 1.000        ; 0.000      ; 7.528      ;
; -6.849  ; Cpt_s[9]  ; Cpt_s[17] ; Clk_Main_i   ; Clk_Main_i  ; 1.000        ; 0.000      ; 7.528      ;
; -6.849  ; Cpt_s[9]  ; Cpt_s[16] ; Clk_Main_i   ; Clk_Main_i  ; 1.000        ; 0.000      ; 7.528      ;
; -6.849  ; Cpt_s[9]  ; Cpt_s[15] ; Clk_Main_i   ; Clk_Main_i  ; 1.000        ; 0.000      ; 7.528      ;
; -6.762  ; Cpt_s[6]  ; Cpt_s[9]  ; Clk_Main_i   ; Clk_Main_i  ; 1.000        ; 0.000      ; 7.441      ;
+---------+-----------+-----------+--------------+-------------+--------------+------------+------------+


+-----------------------------------------------------------------------------------------------------+
; Hold: 'Clk_Main_i'                                                                                  ;
+-------+-----------+-----------+--------------+-------------+--------------+------------+------------+
; Slack ; From Node ; To Node   ; Launch Clock ; Latch Clock ; Relationship ; Clock Skew ; Data Delay ;
+-------+-----------+-----------+--------------+-------------+--------------+------------+------------+
; 3.375 ; Cpt_s[19] ; Cpt_s[19] ; Clk_Main_i   ; Clk_Main_i  ; 0.000        ; 0.000      ; 3.414      ;
; 3.752 ; Cpt_s[0]  ; Cpt_s[0]  ; Clk_Main_i   ; Clk_Main_i  ; 0.000        ; 0.000      ; 3.791      ;
; 5.228 ; Cpt_s[10] ; Cpt_s[10] ; Clk_Main_i   ; Clk_Main_i  ; 0.000        ; 0.000      ; 5.267      ;
; 5.229 ; Cpt_s[17] ; Cpt_s[17] ; Clk_Main_i   ; Clk_Main_i  ; 0.000        ; 0.000      ; 5.268      ;
; 5.229 ; Cpt_s[7]  ; Cpt_s[7]  ; Clk_Main_i   ; Clk_Main_i  ; 0.000        ; 0.000      ; 5.268      ;
; 5.241 ; Cpt_s[1]  ; Cpt_s[1]  ; Clk_Main_i   ; Clk_Main_i  ; 0.000        ; 0.000      ; 5.280      ;
; 5.242 ; Cpt_s[9]  ; Cpt_s[9]  ; Clk_Main_i   ; Clk_Main_i  ; 0.000        ; 0.000      ; 5.281      ;
; 5.242 ; Cpt_s[2]  ; Cpt_s[2]  ; Clk_Main_i   ; Clk_Main_i  ; 0.000        ; 0.000      ; 5.281      ;
; 5.243 ; Cpt_s[12] ; Cpt_s[12] ; Clk_Main_i   ; Clk_Main_i  ; 0.000        ; 0.000      ; 5.282      ;
; 5.243 ; Cpt_s[11] ; Cpt_s[11] ; Clk_Main_i   ; Clk_Main_i  ; 0.000        ; 0.000      ; 5.282      ;
; 5.416 ; Cpt_s[3]  ; Cpt_s[3]  ; Clk_Main_i   ; Clk_Main_i  ; 0.000        ; 0.000      ; 5.455      ;
; 5.417 ; Cpt_s[5]  ; Cpt_s[5]  ; Clk_Main_i   ; Clk_Main_i  ; 0.000        ; 0.000      ; 5.456      ;
; 5.428 ; Cpt_s[18] ; Cpt_s[18] ; Clk_Main_i   ; Clk_Main_i  ; 0.000        ; 0.000      ; 5.467      ;
; 5.428 ; Cpt_s[13] ; Cpt_s[13] ; Clk_Main_i   ; Clk_Main_i  ; 0.000        ; 0.000      ; 5.467      ;
; 5.440 ; Cpt_s[15] ; Cpt_s[15] ; Clk_Main_i   ; Clk_Main_i  ; 0.000        ; 0.000      ; 5.479      ;
; 5.441 ; Cpt_s[16] ; Cpt_s[16] ; Clk_Main_i   ; Clk_Main_i  ; 0.000        ; 0.000      ; 5.480      ;
; 5.441 ; Cpt_s[14] ; Cpt_s[14] ; Clk_Main_i   ; Clk_Main_i  ; 0.000        ; 0.000      ; 5.480      ;
; 5.963 ; Cpt_s[10] ; Cpt_s[11] ; Clk_Main_i   ; Clk_Main_i  ; 0.000        ; 0.000      ; 6.002      ;
; 5.964 ; Cpt_s[17] ; Cpt_s[18] ; Clk_Main_i   ; Clk_Main_i  ; 0.000        ; 0.000      ; 6.003      ;
; 5.964 ; Cpt_s[7]  ; Cpt_s[8]  ; Clk_Main_i   ; Clk_Main_i  ; 0.000        ; 0.000      ; 6.003      ;
; 5.976 ; Cpt_s[1]  ; Cpt_s[2]  ; Clk_Main_i   ; Clk_Main_i  ; 0.000        ; 0.000      ; 6.015      ;
; 5.977 ; Cpt_s[2]  ; Cpt_s[3]  ; Clk_Main_i   ; Clk_Main_i  ; 0.000        ; 0.000      ; 6.016      ;
; 5.978 ; Cpt_s[12] ; Cpt_s[13] ; Clk_Main_i   ; Clk_Main_i  ; 0.000        ; 0.000      ; 6.017      ;
; 5.978 ; Cpt_s[11] ; Cpt_s[12] ; Clk_Main_i   ; Clk_Main_i  ; 0.000        ; 0.000      ; 6.017      ;
; 6.107 ; Cpt_s[10] ; Cpt_s[12] ; Clk_Main_i   ; Clk_Main_i  ; 0.000        ; 0.000      ; 6.146      ;
; 6.108 ; Cpt_s[17] ; Cpt_s[19] ; Clk_Main_i   ; Clk_Main_i  ; 0.000        ; 0.000      ; 6.147      ;
; 6.108 ; Cpt_s[7]  ; Cpt_s[9]  ; Clk_Main_i   ; Clk_Main_i  ; 0.000        ; 0.000      ; 6.147      ;
; 6.120 ; Cpt_s[1]  ; Cpt_s[3]  ; Clk_Main_i   ; Clk_Main_i  ; 0.000        ; 0.000      ; 6.159      ;
; 6.121 ; Cpt_s[2]  ; Cpt_s[4]  ; Clk_Main_i   ; Clk_Main_i  ; 0.000        ; 0.000      ; 6.160      ;
; 6.122 ; Cpt_s[12] ; Cpt_s[14] ; Clk_Main_i   ; Clk_Main_i  ; 0.000        ; 0.000      ; 6.161      ;
; 6.122 ; Cpt_s[11] ; Cpt_s[13] ; Clk_Main_i   ; Clk_Main_i  ; 0.000        ; 0.000      ; 6.161      ;
; 6.231 ; Cpt_s[4]  ; Cpt_s[4]  ; Clk_Main_i   ; Clk_Main_i  ; 0.000        ; 0.000      ; 6.270      ;
; 6.251 ; Cpt_s[10] ; Cpt_s[13] ; Clk_Main_i   ; Clk_Main_i  ; 0.000        ; 0.000      ; 6.290      ;
; 6.264 ; Cpt_s[1]  ; Cpt_s[4]  ; Clk_Main_i   ; Clk_Main_i  ; 0.000        ; 0.000      ; 6.303      ;
; 6.266 ; Cpt_s[11] ; Cpt_s[14] ; Clk_Main_i   ; Clk_Main_i  ; 0.000        ; 0.000      ; 6.305      ;
; 6.308 ; Cpt_s[6]  ; Cpt_s[6]  ; Clk_Main_i   ; Clk_Main_i  ; 0.000        ; 0.000      ; 6.347      ;
; 6.309 ; Cpt_s[8]  ; Cpt_s[8]  ; Clk_Main_i   ; Clk_Main_i  ; 0.000        ; 0.000      ; 6.348      ;
; 6.395 ; Cpt_s[10] ; Cpt_s[14] ; Clk_Main_i   ; Clk_Main_i  ; 0.000        ; 0.000      ; 6.434      ;
; 6.418 ; Cpt_s[3]  ; Cpt_s[4]  ; Clk_Main_i   ; Clk_Main_i  ; 0.000        ; 0.000      ; 6.457      ;
; 6.419 ; Cpt_s[5]  ; Cpt_s[6]  ; Clk_Main_i   ; Clk_Main_i  ; 0.000        ; 0.000      ; 6.458      ;
; 6.430 ; Cpt_s[18] ; Cpt_s[19] ; Clk_Main_i   ; Clk_Main_i  ; 0.000        ; 0.000      ; 6.469      ;
; 6.430 ; Cpt_s[13] ; Cpt_s[14] ; Clk_Main_i   ; Clk_Main_i  ; 0.000        ; 0.000      ; 6.469      ;
; 6.442 ; Cpt_s[15] ; Cpt_s[16] ; Clk_Main_i   ; Clk_Main_i  ; 0.000        ; 0.000      ; 6.481      ;
; 6.443 ; Cpt_s[16] ; Cpt_s[17] ; Clk_Main_i   ; Clk_Main_i  ; 0.000        ; 0.000      ; 6.482      ;
; 6.563 ; Cpt_s[5]  ; Cpt_s[7]  ; Clk_Main_i   ; Clk_Main_i  ; 0.000        ; 0.000      ; 6.602      ;
; 6.586 ; Cpt_s[15] ; Cpt_s[17] ; Clk_Main_i   ; Clk_Main_i  ; 0.000        ; 0.000      ; 6.625      ;
; 6.587 ; Cpt_s[16] ; Cpt_s[18] ; Clk_Main_i   ; Clk_Main_i  ; 0.000        ; 0.000      ; 6.626      ;
; 6.707 ; Cpt_s[5]  ; Cpt_s[8]  ; Clk_Main_i   ; Clk_Main_i  ; 0.000        ; 0.000      ; 6.746      ;
; 6.730 ; Cpt_s[15] ; Cpt_s[18] ; Clk_Main_i   ; Clk_Main_i  ; 0.000        ; 0.000      ; 6.769      ;
; 6.731 ; Cpt_s[16] ; Cpt_s[19] ; Clk_Main_i   ; Clk_Main_i  ; 0.000        ; 0.000      ; 6.770      ;
; 6.757 ; Cpt_s[2]  ; Cpt_s[9]  ; Clk_Main_i   ; Clk_Main_i  ; 0.000        ; 0.000      ; 6.796      ;
; 6.757 ; Cpt_s[2]  ; Cpt_s[8]  ; Clk_Main_i   ; Clk_Main_i  ; 0.000        ; 0.000      ; 6.796      ;
; 6.757 ; Cpt_s[2]  ; Cpt_s[7]  ; Clk_Main_i   ; Clk_Main_i  ; 0.000        ; 0.000      ; 6.796      ;
; 6.757 ; Cpt_s[2]  ; Cpt_s[6]  ; Clk_Main_i   ; Clk_Main_i  ; 0.000        ; 0.000      ; 6.796      ;
; 6.757 ; Cpt_s[2]  ; Cpt_s[5]  ; Clk_Main_i   ; Clk_Main_i  ; 0.000        ; 0.000      ; 6.796      ;
; 6.758 ; Cpt_s[12] ; Cpt_s[19] ; Clk_Main_i   ; Clk_Main_i  ; 0.000        ; 0.000      ; 6.797      ;
; 6.758 ; Cpt_s[12] ; Cpt_s[18] ; Clk_Main_i   ; Clk_Main_i  ; 0.000        ; 0.000      ; 6.797      ;
; 6.758 ; Cpt_s[12] ; Cpt_s[17] ; Clk_Main_i   ; Clk_Main_i  ; 0.000        ; 0.000      ; 6.797      ;
; 6.758 ; Cpt_s[12] ; Cpt_s[16] ; Clk_Main_i   ; Clk_Main_i  ; 0.000        ; 0.000      ; 6.797      ;
; 6.758 ; Cpt_s[12] ; Cpt_s[15] ; Clk_Main_i   ; Clk_Main_i  ; 0.000        ; 0.000      ; 6.797      ;
; 6.851 ; Cpt_s[5]  ; Cpt_s[9]  ; Clk_Main_i   ; Clk_Main_i  ; 0.000        ; 0.000      ; 6.890      ;
; 6.874 ; Cpt_s[15] ; Cpt_s[19] ; Clk_Main_i   ; Clk_Main_i  ; 0.000        ; 0.000      ; 6.913      ;
; 6.900 ; Cpt_s[1]  ; Cpt_s[9]  ; Clk_Main_i   ; Clk_Main_i  ; 0.000        ; 0.000      ; 6.939      ;
; 6.900 ; Cpt_s[1]  ; Cpt_s[8]  ; Clk_Main_i   ; Clk_Main_i  ; 0.000        ; 0.000      ; 6.939      ;
; 6.900 ; Cpt_s[1]  ; Cpt_s[7]  ; Clk_Main_i   ; Clk_Main_i  ; 0.000        ; 0.000      ; 6.939      ;
; 6.900 ; Cpt_s[1]  ; Cpt_s[6]  ; Clk_Main_i   ; Clk_Main_i  ; 0.000        ; 0.000      ; 6.939      ;
; 6.900 ; Cpt_s[1]  ; Cpt_s[5]  ; Clk_Main_i   ; Clk_Main_i  ; 0.000        ; 0.000      ; 6.939      ;
; 6.902 ; Cpt_s[11] ; Cpt_s[19] ; Clk_Main_i   ; Clk_Main_i  ; 0.000        ; 0.000      ; 6.941      ;
; 6.902 ; Cpt_s[11] ; Cpt_s[18] ; Clk_Main_i   ; Clk_Main_i  ; 0.000        ; 0.000      ; 6.941      ;
; 6.902 ; Cpt_s[11] ; Cpt_s[17] ; Clk_Main_i   ; Clk_Main_i  ; 0.000        ; 0.000      ; 6.941      ;
; 6.902 ; Cpt_s[11] ; Cpt_s[16] ; Clk_Main_i   ; Clk_Main_i  ; 0.000        ; 0.000      ; 6.941      ;
; 6.902 ; Cpt_s[11] ; Cpt_s[15] ; Clk_Main_i   ; Clk_Main_i  ; 0.000        ; 0.000      ; 6.941      ;
; 6.998 ; Cpt_s[14] ; Cpt_s[19] ; Clk_Main_i   ; Clk_Main_i  ; 0.000        ; 0.000      ; 7.037      ;
; 6.998 ; Cpt_s[14] ; Cpt_s[18] ; Clk_Main_i   ; Clk_Main_i  ; 0.000        ; 0.000      ; 7.037      ;
; 6.998 ; Cpt_s[14] ; Cpt_s[17] ; Clk_Main_i   ; Clk_Main_i  ; 0.000        ; 0.000      ; 7.037      ;
; 6.998 ; Cpt_s[14] ; Cpt_s[16] ; Clk_Main_i   ; Clk_Main_i  ; 0.000        ; 0.000      ; 7.037      ;
; 6.998 ; Cpt_s[14] ; Cpt_s[15] ; Clk_Main_i   ; Clk_Main_i  ; 0.000        ; 0.000      ; 7.037      ;
; 7.031 ; Cpt_s[10] ; Cpt_s[19] ; Clk_Main_i   ; Clk_Main_i  ; 0.000        ; 0.000      ; 7.070      ;
; 7.031 ; Cpt_s[10] ; Cpt_s[18] ; Clk_Main_i   ; Clk_Main_i  ; 0.000        ; 0.000      ; 7.070      ;
; 7.031 ; Cpt_s[10] ; Cpt_s[17] ; Clk_Main_i   ; Clk_Main_i  ; 0.000        ; 0.000      ; 7.070      ;
; 7.031 ; Cpt_s[10] ; Cpt_s[16] ; Clk_Main_i   ; Clk_Main_i  ; 0.000        ; 0.000      ; 7.070      ;
; 7.031 ; Cpt_s[10] ; Cpt_s[15] ; Clk_Main_i   ; Clk_Main_i  ; 0.000        ; 0.000      ; 7.070      ;
; 7.043 ; Cpt_s[6]  ; Cpt_s[7]  ; Clk_Main_i   ; Clk_Main_i  ; 0.000        ; 0.000      ; 7.082      ;
; 7.044 ; Cpt_s[8]  ; Cpt_s[9]  ; Clk_Main_i   ; Clk_Main_i  ; 0.000        ; 0.000      ; 7.083      ;
; 7.054 ; Cpt_s[3]  ; Cpt_s[9]  ; Clk_Main_i   ; Clk_Main_i  ; 0.000        ; 0.000      ; 7.093      ;
; 7.054 ; Cpt_s[3]  ; Cpt_s[8]  ; Clk_Main_i   ; Clk_Main_i  ; 0.000        ; 0.000      ; 7.093      ;
; 7.054 ; Cpt_s[3]  ; Cpt_s[7]  ; Clk_Main_i   ; Clk_Main_i  ; 0.000        ; 0.000      ; 7.093      ;
; 7.054 ; Cpt_s[3]  ; Cpt_s[6]  ; Clk_Main_i   ; Clk_Main_i  ; 0.000        ; 0.000      ; 7.093      ;
; 7.054 ; Cpt_s[3]  ; Cpt_s[5]  ; Clk_Main_i   ; Clk_Main_i  ; 0.000        ; 0.000      ; 7.093      ;
; 7.066 ; Cpt_s[13] ; Cpt_s[19] ; Clk_Main_i   ; Clk_Main_i  ; 0.000        ; 0.000      ; 7.105      ;
; 7.066 ; Cpt_s[13] ; Cpt_s[18] ; Clk_Main_i   ; Clk_Main_i  ; 0.000        ; 0.000      ; 7.105      ;
; 7.066 ; Cpt_s[13] ; Cpt_s[17] ; Clk_Main_i   ; Clk_Main_i  ; 0.000        ; 0.000      ; 7.105      ;
; 7.066 ; Cpt_s[13] ; Cpt_s[16] ; Clk_Main_i   ; Clk_Main_i  ; 0.000        ; 0.000      ; 7.105      ;
; 7.066 ; Cpt_s[13] ; Cpt_s[15] ; Clk_Main_i   ; Clk_Main_i  ; 0.000        ; 0.000      ; 7.105      ;
; 7.144 ; Cpt_s[7]  ; Cpt_s[14] ; Clk_Main_i   ; Clk_Main_i  ; 0.000        ; 0.000      ; 7.183      ;
; 7.144 ; Cpt_s[7]  ; Cpt_s[13] ; Clk_Main_i   ; Clk_Main_i  ; 0.000        ; 0.000      ; 7.183      ;
; 7.144 ; Cpt_s[7]  ; Cpt_s[12] ; Clk_Main_i   ; Clk_Main_i  ; 0.000        ; 0.000      ; 7.183      ;
; 7.144 ; Cpt_s[7]  ; Cpt_s[11] ; Clk_Main_i   ; Clk_Main_i  ; 0.000        ; 0.000      ; 7.183      ;
; 7.144 ; Cpt_s[7]  ; Cpt_s[10] ; Clk_Main_i   ; Clk_Main_i  ; 0.000        ; 0.000      ; 7.183      ;
; 7.187 ; Cpt_s[6]  ; Cpt_s[8]  ; Clk_Main_i   ; Clk_Main_i  ; 0.000        ; 0.000      ; 7.226      ;
+-------+-----------+-----------+--------------+-------------+--------------+------------+------------+


+----------------------------------------------------------------------------------------------------------+
; Minimum Pulse Width: 'Clk_Main_i'                                                                        ;
+--------+--------------+----------------+------------------+------------+------------+--------------------+
; Slack  ; Actual Width ; Required Width ; Type             ; Clock      ; Clock Edge ; Target             ;
+--------+--------------+----------------+------------------+------------+------------+--------------------+
; -2.289 ; 1.000        ; 3.289          ; Port Rate        ; Clk_Main_i ; Rise       ; Clk_Main_i         ;
; 0.161  ; 0.500        ; 0.339          ; High Pulse Width ; Clk_Main_i ; Rise       ; Cpt_s[0]           ;
; 0.161  ; 0.500        ; 0.339          ; Low Pulse Width  ; Clk_Main_i ; Rise       ; Cpt_s[0]           ;
; 0.161  ; 0.500        ; 0.339          ; High Pulse Width ; Clk_Main_i ; Rise       ; Cpt_s[10]          ;
; 0.161  ; 0.500        ; 0.339          ; Low Pulse Width  ; Clk_Main_i ; Rise       ; Cpt_s[10]          ;
; 0.161  ; 0.500        ; 0.339          ; High Pulse Width ; Clk_Main_i ; Rise       ; Cpt_s[11]          ;
; 0.161  ; 0.500        ; 0.339          ; Low Pulse Width  ; Clk_Main_i ; Rise       ; Cpt_s[11]          ;
; 0.161  ; 0.500        ; 0.339          ; High Pulse Width ; Clk_Main_i ; Rise       ; Cpt_s[12]          ;
; 0.161  ; 0.500        ; 0.339          ; Low Pulse Width  ; Clk_Main_i ; Rise       ; Cpt_s[12]          ;
; 0.161  ; 0.500        ; 0.339          ; High Pulse Width ; Clk_Main_i ; Rise       ; Cpt_s[13]          ;
; 0.161  ; 0.500        ; 0.339          ; Low Pulse Width  ; Clk_Main_i ; Rise       ; Cpt_s[13]          ;
; 0.161  ; 0.500        ; 0.339          ; High Pulse Width ; Clk_Main_i ; Rise       ; Cpt_s[14]          ;
; 0.161  ; 0.500        ; 0.339          ; Low Pulse Width  ; Clk_Main_i ; Rise       ; Cpt_s[14]          ;
; 0.161  ; 0.500        ; 0.339          ; High Pulse Width ; Clk_Main_i ; Rise       ; Cpt_s[15]          ;
; 0.161  ; 0.500        ; 0.339          ; Low Pulse Width  ; Clk_Main_i ; Rise       ; Cpt_s[15]          ;
; 0.161  ; 0.500        ; 0.339          ; High Pulse Width ; Clk_Main_i ; Rise       ; Cpt_s[16]          ;
; 0.161  ; 0.500        ; 0.339          ; Low Pulse Width  ; Clk_Main_i ; Rise       ; Cpt_s[16]          ;
; 0.161  ; 0.500        ; 0.339          ; High Pulse Width ; Clk_Main_i ; Rise       ; Cpt_s[17]          ;
; 0.161  ; 0.500        ; 0.339          ; Low Pulse Width  ; Clk_Main_i ; Rise       ; Cpt_s[17]          ;
; 0.161  ; 0.500        ; 0.339          ; High Pulse Width ; Clk_Main_i ; Rise       ; Cpt_s[18]          ;
; 0.161  ; 0.500        ; 0.339          ; Low Pulse Width  ; Clk_Main_i ; Rise       ; Cpt_s[18]          ;
; 0.161  ; 0.500        ; 0.339          ; High Pulse Width ; Clk_Main_i ; Rise       ; Cpt_s[19]          ;
; 0.161  ; 0.500        ; 0.339          ; Low Pulse Width  ; Clk_Main_i ; Rise       ; Cpt_s[19]          ;
; 0.161  ; 0.500        ; 0.339          ; High Pulse Width ; Clk_Main_i ; Rise       ; Cpt_s[1]           ;
; 0.161  ; 0.500        ; 0.339          ; Low Pulse Width  ; Clk_Main_i ; Rise       ; Cpt_s[1]           ;
; 0.161  ; 0.500        ; 0.339          ; High Pulse Width ; Clk_Main_i ; Rise       ; Cpt_s[2]           ;
; 0.161  ; 0.500        ; 0.339          ; Low Pulse Width  ; Clk_Main_i ; Rise       ; Cpt_s[2]           ;
; 0.161  ; 0.500        ; 0.339          ; High Pulse Width ; Clk_Main_i ; Rise       ; Cpt_s[3]           ;
; 0.161  ; 0.500        ; 0.339          ; Low Pulse Width  ; Clk_Main_i ; Rise       ; Cpt_s[3]           ;
; 0.161  ; 0.500        ; 0.339          ; High Pulse Width ; Clk_Main_i ; Rise       ; Cpt_s[4]           ;
; 0.161  ; 0.500        ; 0.339          ; Low Pulse Width  ; Clk_Main_i ; Rise       ; Cpt_s[4]           ;
; 0.161  ; 0.500        ; 0.339          ; High Pulse Width ; Clk_Main_i ; Rise       ; Cpt_s[5]           ;
; 0.161  ; 0.500        ; 0.339          ; Low Pulse Width  ; Clk_Main_i ; Rise       ; Cpt_s[5]           ;
; 0.161  ; 0.500        ; 0.339          ; High Pulse Width ; Clk_Main_i ; Rise       ; Cpt_s[6]           ;
; 0.161  ; 0.500        ; 0.339          ; Low Pulse Width  ; Clk_Main_i ; Rise       ; Cpt_s[6]           ;
; 0.161  ; 0.500        ; 0.339          ; High Pulse Width ; Clk_Main_i ; Rise       ; Cpt_s[7]           ;
; 0.161  ; 0.500        ; 0.339          ; Low Pulse Width  ; Clk_Main_i ; Rise       ; Cpt_s[7]           ;
; 0.161  ; 0.500        ; 0.339          ; High Pulse Width ; Clk_Main_i ; Rise       ; Cpt_s[8]           ;
; 0.161  ; 0.500        ; 0.339          ; Low Pulse Width  ; Clk_Main_i ; Rise       ; Cpt_s[8]           ;
; 0.161  ; 0.500        ; 0.339          ; High Pulse Width ; Clk_Main_i ; Rise       ; Cpt_s[9]           ;
; 0.161  ; 0.500        ; 0.339          ; Low Pulse Width  ; Clk_Main_i ; Rise       ; Cpt_s[9]           ;
; 0.500  ; 0.500        ; 0.000          ; High Pulse Width ; Clk_Main_i ; Rise       ; Clk_Main_i|combout ;
; 0.500  ; 0.500        ; 0.000          ; Low Pulse Width  ; Clk_Main_i ; Rise       ; Clk_Main_i|combout ;
; 0.500  ; 0.500        ; 0.000          ; High Pulse Width ; Clk_Main_i ; Rise       ; Cpt_s[0]|clk       ;
; 0.500  ; 0.500        ; 0.000          ; Low Pulse Width  ; Clk_Main_i ; Rise       ; Cpt_s[0]|clk       ;
; 0.500  ; 0.500        ; 0.000          ; High Pulse Width ; Clk_Main_i ; Rise       ; Cpt_s[10]|clk      ;
; 0.500  ; 0.500        ; 0.000          ; Low Pulse Width  ; Clk_Main_i ; Rise       ; Cpt_s[10]|clk      ;
; 0.500  ; 0.500        ; 0.000          ; High Pulse Width ; Clk_Main_i ; Rise       ; Cpt_s[11]|clk      ;
; 0.500  ; 0.500        ; 0.000          ; Low Pulse Width  ; Clk_Main_i ; Rise       ; Cpt_s[11]|clk      ;
; 0.500  ; 0.500        ; 0.000          ; High Pulse Width ; Clk_Main_i ; Rise       ; Cpt_s[12]|clk      ;
; 0.500  ; 0.500        ; 0.000          ; Low Pulse Width  ; Clk_Main_i ; Rise       ; Cpt_s[12]|clk      ;
; 0.500  ; 0.500        ; 0.000          ; High Pulse Width ; Clk_Main_i ; Rise       ; Cpt_s[13]|clk      ;
; 0.500  ; 0.500        ; 0.000          ; Low Pulse Width  ; Clk_Main_i ; Rise       ; Cpt_s[13]|clk      ;
; 0.500  ; 0.500        ; 0.000          ; High Pulse Width ; Clk_Main_i ; Rise       ; Cpt_s[14]|clk      ;
; 0.500  ; 0.500        ; 0.000          ; Low Pulse Width  ; Clk_Main_i ; Rise       ; Cpt_s[14]|clk      ;
; 0.500  ; 0.500        ; 0.000          ; High Pulse Width ; Clk_Main_i ; Rise       ; Cpt_s[15]|clk      ;
; 0.500  ; 0.500        ; 0.000          ; Low Pulse Width  ; Clk_Main_i ; Rise       ; Cpt_s[15]|clk      ;
; 0.500  ; 0.500        ; 0.000          ; High Pulse Width ; Clk_Main_i ; Rise       ; Cpt_s[16]|clk      ;
; 0.500  ; 0.500        ; 0.000          ; Low Pulse Width  ; Clk_Main_i ; Rise       ; Cpt_s[16]|clk      ;
; 0.500  ; 0.500        ; 0.000          ; High Pulse Width ; Clk_Main_i ; Rise       ; Cpt_s[17]|clk      ;
; 0.500  ; 0.500        ; 0.000          ; Low Pulse Width  ; Clk_Main_i ; Rise       ; Cpt_s[17]|clk      ;
; 0.500  ; 0.500        ; 0.000          ; High Pulse Width ; Clk_Main_i ; Rise       ; Cpt_s[18]|clk      ;
; 0.500  ; 0.500        ; 0.000          ; Low Pulse Width  ; Clk_Main_i ; Rise       ; Cpt_s[18]|clk      ;
; 0.500  ; 0.500        ; 0.000          ; High Pulse Width ; Clk_Main_i ; Rise       ; Cpt_s[19]|clk      ;
; 0.500  ; 0.500        ; 0.000          ; Low Pulse Width  ; Clk_Main_i ; Rise       ; Cpt_s[19]|clk      ;
; 0.500  ; 0.500        ; 0.000          ; High Pulse Width ; Clk_Main_i ; Rise       ; Cpt_s[1]|clk       ;
; 0.500  ; 0.500        ; 0.000          ; Low Pulse Width  ; Clk_Main_i ; Rise       ; Cpt_s[1]|clk       ;
; 0.500  ; 0.500        ; 0.000          ; High Pulse Width ; Clk_Main_i ; Rise       ; Cpt_s[2]|clk       ;
; 0.500  ; 0.500        ; 0.000          ; Low Pulse Width  ; Clk_Main_i ; Rise       ; Cpt_s[2]|clk       ;
; 0.500  ; 0.500        ; 0.000          ; High Pulse Width ; Clk_Main_i ; Rise       ; Cpt_s[3]|clk       ;
; 0.500  ; 0.500        ; 0.000          ; Low Pulse Width  ; Clk_Main_i ; Rise       ; Cpt_s[3]|clk       ;
; 0.500  ; 0.500        ; 0.000          ; High Pulse Width ; Clk_Main_i ; Rise       ; Cpt_s[4]|clk       ;
; 0.500  ; 0.500        ; 0.000          ; Low Pulse Width  ; Clk_Main_i ; Rise       ; Cpt_s[4]|clk       ;
; 0.500  ; 0.500        ; 0.000          ; High Pulse Width ; Clk_Main_i ; Rise       ; Cpt_s[5]|clk       ;
; 0.500  ; 0.500        ; 0.000          ; Low Pulse Width  ; Clk_Main_i ; Rise       ; Cpt_s[5]|clk       ;
; 0.500  ; 0.500        ; 0.000          ; High Pulse Width ; Clk_Main_i ; Rise       ; Cpt_s[6]|clk       ;
; 0.500  ; 0.500        ; 0.000          ; Low Pulse Width  ; Clk_Main_i ; Rise       ; Cpt_s[6]|clk       ;
; 0.500  ; 0.500        ; 0.000          ; High Pulse Width ; Clk_Main_i ; Rise       ; Cpt_s[7]|clk       ;
; 0.500  ; 0.500        ; 0.000          ; Low Pulse Width  ; Clk_Main_i ; Rise       ; Cpt_s[7]|clk       ;
; 0.500  ; 0.500        ; 0.000          ; High Pulse Width ; Clk_Main_i ; Rise       ; Cpt_s[8]|clk       ;
; 0.500  ; 0.500        ; 0.000          ; Low Pulse Width  ; Clk_Main_i ; Rise       ; Cpt_s[8]|clk       ;
; 0.500  ; 0.500        ; 0.000          ; High Pulse Width ; Clk_Main_i ; Rise       ; Cpt_s[9]|clk       ;
; 0.500  ; 0.500        ; 0.000          ; Low Pulse Width  ; Clk_Main_i ; Rise       ; Cpt_s[9]|clk       ;
+--------+--------------+----------------+------------------+------------+------------+--------------------+


+--------------------------------------------------------------------------------+
; Clock to Output Times                                                          ;
+------------------+------------+--------+--------+------------+-----------------+
; Data Port        ; Clock Port ; Rise   ; Fall   ; Clock Edge ; Clock Reference ;
+------------------+------------+--------+--------+------------+-----------------+
; nSeven_Seg_o[*]  ; Clk_Main_i ; 11.742 ; 11.742 ; Rise       ; Clk_Main_i      ;
;  nSeven_Seg_o[7] ; Clk_Main_i ; 11.742 ; 11.742 ; Rise       ; Clk_Main_i      ;
+------------------+------------+--------+--------+------------+-----------------+


+--------------------------------------------------------------------------------+
; Minimum Clock to Output Times                                                  ;
+------------------+------------+--------+--------+------------+-----------------+
; Data Port        ; Clock Port ; Rise   ; Fall   ; Clock Edge ; Clock Reference ;
+------------------+------------+--------+--------+------------+-----------------+
; nSeven_Seg_o[*]  ; Clk_Main_i ; 11.742 ; 11.742 ; Rise       ; Clk_Main_i      ;
;  nSeven_Seg_o[7] ; Clk_Main_i ; 11.742 ; 11.742 ; Rise       ; Clk_Main_i      ;
+------------------+------------+--------+--------+------------+-----------------+


+--------------------------------------------------------+
; Propagation Delay                                      ;
+--------------+-------------+--------+----+----+--------+
; Input Port   ; Output Port ; RR     ; RF ; FR ; FF     ;
+--------------+-------------+--------+----+----+--------+
; nButton_i[1] ; nLed_o[1]   ; 13.660 ;    ;    ; 13.660 ;
; nButton_i[1] ; nLed_o[3]   ; 13.663 ;    ;    ; 13.663 ;
; nButton_i[1] ; nLed_o[5]   ; 17.131 ;    ;    ; 17.131 ;
; nButton_i[1] ; nLed_o[7]   ; 17.706 ;    ;    ; 17.706 ;
; nButton_i[2] ; nLed_o[1]   ; 12.880 ;    ;    ; 12.880 ;
; nButton_i[2] ; nLed_o[2]   ; 12.876 ;    ;    ; 12.876 ;
; nButton_i[2] ; nLed_o[3]   ; 12.883 ;    ;    ; 12.883 ;
; nButton_i[2] ; nLed_o[5]   ; 16.353 ;    ;    ; 16.353 ;
; nButton_i[2] ; nLed_o[6]   ; 12.877 ;    ;    ; 12.877 ;
; nButton_i[2] ; nLed_o[7]   ; 16.926 ;    ;    ; 16.926 ;
; nButton_i[3] ; nLed_o[1]   ; 12.423 ;    ;    ; 12.423 ;
; nButton_i[3] ; nLed_o[2]   ; 12.428 ;    ;    ; 12.428 ;
; nButton_i[3] ; nLed_o[3]   ; 12.422 ;    ;    ; 12.422 ;
; nButton_i[3] ; nLed_o[4]   ; 10.429 ;    ;    ; 10.429 ;
; nButton_i[3] ; nLed_o[5]   ; 15.908 ;    ;    ; 15.908 ;
; nButton_i[3] ; nLed_o[6]   ; 12.432 ;    ;    ; 12.432 ;
; nButton_i[3] ; nLed_o[7]   ; 16.466 ;    ;    ; 16.466 ;
+--------------+-------------+--------+----+----+--------+


+--------------------------------------------------------+
; Minimum Propagation Delay                              ;
+--------------+-------------+--------+----+----+--------+
; Input Port   ; Output Port ; RR     ; RF ; FR ; FF     ;
+--------------+-------------+--------+----+----+--------+
; nButton_i[1] ; nLed_o[1]   ; 13.660 ;    ;    ; 13.660 ;
; nButton_i[1] ; nLed_o[3]   ; 13.663 ;    ;    ; 13.663 ;
; nButton_i[1] ; nLed_o[5]   ; 17.131 ;    ;    ; 17.131 ;
; nButton_i[1] ; nLed_o[7]   ; 17.706 ;    ;    ; 17.706 ;
; nButton_i[2] ; nLed_o[1]   ; 12.880 ;    ;    ; 12.880 ;
; nButton_i[2] ; nLed_o[2]   ; 12.876 ;    ;    ; 12.876 ;
; nButton_i[2] ; nLed_o[3]   ; 12.883 ;    ;    ; 12.883 ;
; nButton_i[2] ; nLed_o[5]   ; 16.353 ;    ;    ; 16.353 ;
; nButton_i[2] ; nLed_o[6]   ; 12.877 ;    ;    ; 12.877 ;
; nButton_i[2] ; nLed_o[7]   ; 16.926 ;    ;    ; 16.926 ;
; nButton_i[3] ; nLed_o[1]   ; 12.423 ;    ;    ; 12.423 ;
; nButton_i[3] ; nLed_o[2]   ; 12.428 ;    ;    ; 12.428 ;
; nButton_i[3] ; nLed_o[3]   ; 12.422 ;    ;    ; 12.422 ;
; nButton_i[3] ; nLed_o[4]   ; 10.429 ;    ;    ; 10.429 ;
; nButton_i[3] ; nLed_o[5]   ; 15.908 ;    ;    ; 15.908 ;
; nButton_i[3] ; nLed_o[6]   ; 12.432 ;    ;    ; 12.432 ;
; nButton_i[3] ; nLed_o[7]   ; 16.466 ;    ;    ; 16.466 ;
+--------------+-------------+--------+----+----+--------+


+---------------------------------------------------------------------+
; Setup Transfers                                                     ;
+------------+------------+----------+----------+----------+----------+
; From Clock ; To Clock   ; RR Paths ; FR Paths ; RF Paths ; FF Paths ;
+------------+------------+----------+----------+----------+----------+
; Clk_Main_i ; Clk_Main_i ; 369      ; 0        ; 0        ; 0        ;
+------------+------------+----------+----------+----------+----------+
Entries labeled "false path" only account for clock-to-clock false paths and not path-based false paths. As a result, actual path counts may be lower than reported.


+---------------------------------------------------------------------+
; Hold Transfers                                                      ;
+------------+------------+----------+----------+----------+----------+
; From Clock ; To Clock   ; RR Paths ; FR Paths ; RF Paths ; FF Paths ;
+------------+------------+----------+----------+----------+----------+
; Clk_Main_i ; Clk_Main_i ; 369      ; 0        ; 0        ; 0        ;
+------------+------------+----------+----------+----------+----------+
Entries labeled "false path" only account for clock-to-clock false paths and not path-based false paths. As a result, actual path counts may be lower than reported.


---------------
; Report TCCS ;
---------------
No dedicated SERDES Transmitter circuitry present in device or used in design


---------------
; Report RSKM ;
---------------
No dedicated SERDES Receiver circuitry present in device or used in design


+------------------------------------------------+
; Unconstrained Paths                            ;
+---------------------------------+-------+------+
; Property                        ; Setup ; Hold ;
+---------------------------------+-------+------+
; Illegal Clocks                  ; 0     ; 0    ;
; Unconstrained Clocks            ; 0     ; 0    ;
; Unconstrained Input Ports       ; 4     ; 4    ;
; Unconstrained Input Port Paths  ; 37    ; 37   ;
; Unconstrained Output Ports      ; 8     ; 8    ;
; Unconstrained Output Port Paths ; 18    ; 18   ;
+---------------------------------+-------+------+


+------------------------------------+
; TimeQuest Timing Analyzer Messages ;
+------------------------------------+
Info: *******************************************************************
Info: Running Quartus II 64-Bit TimeQuest Timing Analyzer
    Info: Version 13.0.1 Build 232 06/12/2013 Service Pack 1 SJ Full Version
    Info: Processing started: Wed Sep 23 11:32:17 2020
Info: Command: quartus_sta mav_top_3to8 -c mav_top_3to8
Info: qsta_default_script.tcl version: #1
Info (11104): Parallel Compilation has detected 8 hyper-threaded processors. However, the extra hyper-threaded processors will not be used by default. Parallel Compilation will use 4 of the 4 physical processors detected instead.
Info (21077): Low junction temperature is 0 degrees C
Info (21077): High junction temperature is 85 degrees C
Info (306004): Started post-fitting delay annotation
Info (306005): Delay annotation completed successfully
Critical Warning (332012): Synopsys Design Constraints File file not found: 'mav_top_3to8.sdc'. A Synopsys Design Constraints File is required by the TimeQuest Timing Analyzer to get proper timing constraints. Without it, the Compiler will not properly optimize the design.
Info (332142): No user constrained base clocks found in the design. Calling "derive_clocks -period 1.0"
Info (332105): Deriving Clocks
    Info (332105): create_clock -period 1.000 -name Clk_Main_i Clk_Main_i
Info: Found TIMEQUEST_REPORT_SCRIPT_INCLUDE_DEFAULT_ANALYSIS = ON
Critical Warning (332148): Timing requirements not met
Info (332146): Worst-case setup slack is -10.718
    Info (332119):     Slack End Point TNS Clock 
    Info (332119): ========= ============= =====================
    Info (332119):   -10.718      -194.781 Clk_Main_i 
Info (332146): Worst-case hold slack is 3.375
    Info (332119):     Slack End Point TNS Clock 
    Info (332119): ========= ============= =====================
    Info (332119):     3.375         0.000 Clk_Main_i 
Info (332140): No Recovery paths to report
Info (332140): No Removal paths to report
Info (332146): Worst-case minimum pulse width slack is -2.289
    Info (332119):     Slack End Point TNS Clock 
    Info (332119): ========= ============= =====================
    Info (332119):    -2.289        -2.289 Clk_Main_i 
Info (332001): The selected device family is not supported by the report_metastability command.
Info (332102): Design is not fully constrained for setup requirements
Info (332102): Design is not fully constrained for hold requirements
Info: Quartus II 64-Bit TimeQuest Timing Analyzer was successful. 0 errors, 2 warnings
    Info: Peak virtual memory: 483 megabytes
    Info: Processing ended: Wed Sep 23 11:32:17 2020
    Info: Elapsed time: 00:00:00
    Info: Total CPU time (on all processors): 00:00:01


