Flow report for min_max_top
Tue Oct  6 17:17:13 2020
Quartus II 64-Bit Version 13.0.1 Build 232 06/12/2013 Service Pack 1 SJ Full Version


---------------------
; Table of Contents ;
---------------------
  1. Legal Notice
  2. Flow Summary
  3. Flow Settings
  4. Flow Non-Default Global Settings
  5. Flow Elapsed Time
  6. Flow OS Summary
  7. Flow Log
  8. Flow Messages
  9. Flow Suppressed Messages



----------------
; Legal Notice ;
----------------
Copyright (C) 1991-2013 Altera Corporation
Your use of Altera Corporation's design tools, logic functions 
and other software and tools, and its AMPP partner logic 
functions, and any output files from any of the foregoing 
(including device programming or simulation files), and any 
associated documentation or information are expressly subject 
to the terms and conditions of the Altera Program License 
Subscription Agreement, Altera MegaCore Function License 
Agreement, or other applicable license agreement, including, 
without limitation, that your use is for the sole purpose of 
programming logic devices manufactured by Altera and sold by 
Altera or its authorized distributors.  Please refer to the 
applicable agreement for further details.



+------------------------------------------------------------------------------+
; Flow Summary                                                                 ;
+---------------------------+--------------------------------------------------+
; Flow Status               ; Successful - Tue Oct  6 17:17:13 2020            ;
; Quartus II 64-Bit Version ; 13.0.1 Build 232 06/12/2013 SP 1 SJ Full Version ;
; Revision Name             ; min_max_top                                      ;
; Top-level Entity Name     ; min_max_top                                      ;
; Family                    ; MAX V                                            ;
; Device                    ; 5M570ZF256C5                                     ;
; Timing Models             ; Final                                            ;
; Total logic elements      ; 120 / 570 ( 21 % )                               ;
; Total pins                ; 31 / 159 ( 19 % )                                ;
; Total virtual pins        ; 0                                                ;
; UFM blocks                ; 0 / 1 ( 0 % )                                    ;
+---------------------------+--------------------------------------------------+


+-----------------------------------------+
; Flow Settings                           ;
+-------------------+---------------------+
; Option            ; Setting             ;
+-------------------+---------------------+
; Start date & time ; 10/06/2020 17:17:04 ;
; Main task         ; Compilation         ;
; Revision Name     ; min_max_top         ;
+-------------------+---------------------+


+---------------------------------------------------------------------------------------------+
; Flow Non-Default Global Settings                                                            ;
+--------------------------+-------------------+---------------+-------------+----------------+
; Assignment Name          ; Value             ; Default Value ; Entity Name ; Section Id     ;
+--------------------------+-------------------+---------------+-------------+----------------+
; COMPILER_SIGNATURE_ID    ; 0.160199742407024 ; --            ; --          ; --             ;
; EDA_OUTPUT_DATA_FORMAT   ; Vhdl              ; --            ; --          ; eda_simulation ;
; EDA_SIMULATION_TOOL      ; QuestaSim (VHDL)  ; <None>        ; --          ; --             ;
; EDA_TIME_SCALE           ; 1 ps              ; --            ; --          ; eda_simulation ;
; MAX_CORE_JUNCTION_TEMP   ; 85                ; --            ; --          ; --             ;
; MIN_CORE_JUNCTION_TEMP   ; 0                 ; --            ; --          ; --             ;
; PROJECT_OUTPUT_DIRECTORY ; output_files      ; --            ; --          ; --             ;
+--------------------------+-------------------+---------------+-------------+----------------+


+-------------------------------------------------------------------------------------------------------------------------------+
; Flow Elapsed Time                                                                                                             ;
+---------------------------+--------------+-------------------------+---------------------+------------------------------------+
; Module Name               ; Elapsed Time ; Average Processors Used ; Peak Virtual Memory ; Total CPU Time (on all processors) ;
+---------------------------+--------------+-------------------------+---------------------+------------------------------------+
; Analysis & Synthesis      ; 00:00:01     ; 1.0                     ; 600 MB              ; 00:00:01                           ;
; Fitter                    ; 00:00:01     ; 1.0                     ; 666 MB              ; 00:00:01                           ;
; Assembler                 ; 00:00:00     ; 1.0                     ; 493 MB              ; 00:00:00                           ;
; TimeQuest Timing Analyzer ; 00:00:01     ; 1.0                     ; 482 MB              ; 00:00:01                           ;
; EDA Netlist Writer        ; 00:00:01     ; 1.0                     ; 762 MB              ; 00:00:00                           ;
; Total                     ; 00:00:04     ; --                      ; --                  ; 00:00:03                           ;
+---------------------------+--------------+-------------------------+---------------------+------------------------------------+


+---------------------------------------------------------------------------------------------+
; Flow OS Summary                                                                             ;
+---------------------------+------------------+----------------+------------+----------------+
; Module Name               ; Machine Hostname ; OS Name        ; OS Version ; Processor type ;
+---------------------------+------------------+----------------+------------+----------------+
; Analysis & Synthesis      ; a07pc15          ; Ubuntu 20.04.1 ; 20         ; x86_64         ;
; Fitter                    ; a07pc15          ; Ubuntu 20.04.1 ; 20         ; x86_64         ;
; Assembler                 ; a07pc15          ; Ubuntu 20.04.1 ; 20         ; x86_64         ;
; TimeQuest Timing Analyzer ; a07pc15          ; Ubuntu 20.04.1 ; 20         ; x86_64         ;
; EDA Netlist Writer        ; a07pc15          ; Ubuntu 20.04.1 ; 20         ; x86_64         ;
+---------------------------+------------------+----------------+------------+----------------+


------------
; Flow Log ;
------------
quartus_map --read_settings_files=on --write_settings_files=off min_max_top -c min_max_top
quartus_fit --read_settings_files=off --write_settings_files=off min_max_top -c min_max_top
quartus_asm --read_settings_files=off --write_settings_files=off min_max_top -c min_max_top
quartus_sta min_max_top -c min_max_top
quartus_eda --read_settings_files=off --write_settings_files=off min_max_top -c min_max_top



